<?xml version="1.0" encoding="UTF-8"?>
<!-- Generated by org.testng.reporters.JUnitXMLReporter -->
<testsuite ignored="1" hostname="DESKTOP-J4AIQTK" failures="0" tests="6" name="Default test" time="108.15" errors="0" timestamp="2023-05-22T15:57:31 IST">
  <testcase classname="com.maven.Knila_Openmrs.Open_Mrs" name="browser_Launch" time="5.798"/>
  <testcase classname="com.maven.Knila_Openmrs.Open_Mrs" name="login" time="9.328"/>
  <testcase classname="com.maven.Knila_Openmrs.Open_Mrs" name="patient_Register" time="12.319"/>
  <testcase classname="com.maven.Knila_Openmrs.Open_Mrs" name="visit" time="51.073"/>
  <testcase classname="com.maven.Knila_Openmrs.Open_Mrs" name="capture_Vitals" time="24.384"/>
  <testcase classname="com.maven.Knila_Openmrs.Open_Mrs" name="addPastAndDeleteVisit" time="5.135"/>
  <testcase classname="com.maven.Knila_Openmrs.Open_Mrs" name="screenshot" time="0.0">
    <ignored/>
  </testcase> <!-- screenshot -->
</testsuite> <!-- Default test -->
