<?xml version="1.0" encoding="UTF-8"?>
<testng-results ignored="1" total="7" passed="6" failed="0" skipped="0">
  <reporter-output>
  </reporter-output>
  <suite started-at="2023-05-22T15:55:42 IST" name="Default suite" finished-at="2023-05-22T15:57:31 IST" duration-ms="108150">
    <groups>
    </groups>
    <test started-at="2023-05-22T15:55:42 IST" name="Default test" finished-at="2023-05-22T15:57:31 IST" duration-ms="108150">
      <class name="com.maven.Knila_Openmrs.Open_Mrs">
        <test-method signature="browser_Launch()[pri:0, instance:com.maven.Knila_Openmrs.Open_Mrs@207b8649]" started-at="2023-05-22T15:55:43 IST" name="browser_Launch" finished-at="2023-05-22T15:55:48 IST" duration-ms="5798" status="PASS">
          <reporter-output>
          </reporter-output>
        </test-method> <!-- browser_Launch -->
        <test-method signature="login()[pri:1, instance:com.maven.Knila_Openmrs.Open_Mrs@207b8649]" started-at="2023-05-22T15:55:48 IST" name="login" finished-at="2023-05-22T15:55:58 IST" duration-ms="9328" status="PASS">
          <reporter-output>
          </reporter-output>
        </test-method> <!-- login -->
        <test-method signature="patient_Register()[pri:2, instance:com.maven.Knila_Openmrs.Open_Mrs@207b8649]" started-at="2023-05-22T15:55:58 IST" name="patient_Register" finished-at="2023-05-22T15:56:10 IST" duration-ms="12319" status="PASS">
          <reporter-output>
          </reporter-output>
        </test-method> <!-- patient_Register -->
        <test-method signature="visit()[pri:3, instance:com.maven.Knila_Openmrs.Open_Mrs@207b8649]" started-at="2023-05-22T15:56:10 IST" name="visit" finished-at="2023-05-22T15:57:01 IST" duration-ms="51073" status="PASS">
          <reporter-output>
          </reporter-output>
        </test-method> <!-- visit -->
        <test-method signature="capture_Vitals()[pri:4, instance:com.maven.Knila_Openmrs.Open_Mrs@207b8649]" started-at="2023-05-22T15:57:01 IST" name="capture_Vitals" finished-at="2023-05-22T15:57:25 IST" duration-ms="24384" status="PASS">
          <reporter-output>
          </reporter-output>
        </test-method> <!-- capture_Vitals -->
        <test-method signature="addPastAndDeleteVisit()[pri:5, instance:com.maven.Knila_Openmrs.Open_Mrs@207b8649]" started-at="2023-05-22T15:57:25 IST" name="addPastAndDeleteVisit" finished-at="2023-05-22T15:57:31 IST" duration-ms="5135" status="PASS">
          <reporter-output>
          </reporter-output>
        </test-method> <!-- addPastAndDeleteVisit -->
      </class> <!-- com.maven.Knila_Openmrs.Open_Mrs -->
    </test> <!-- Default test -->
  </suite> <!-- Default suite -->
</testng-results>
